[0110/054223.812:ERROR:process_info.cc(375)] NtQuerySystemInformation SystemExtendedHandleInformation: Okreœlona d³ugoœæ rekordu informacji nie odpowiada d³ugoœci wymaganej dla okreœlonej klasy informacji . (0xc0000004)
[0110/054225.004:ERROR:process_reader_win.cc(242)] ReadMemory at 0x7ff6a30b0000 of 64 bytes failed: Ukoñczono tylko czêœæ ¿¹dania ReadProcessMemory lub WriteProcessMemory. (0x12B)
[0110/054225.005:WARNING:pe_image_reader.cc(302)] could not read dos header from C:\Program Files (x86)\Google\Chrome\Application\chrome.exe
[0110/054225.005:ERROR:process_reader_win.cc(242)] ReadMemory at 0x7ffefbe20000 of 64 bytes failed: Ukoñczono tylko czêœæ ¿¹dania ReadProcessMemory lub WriteProcessMemory. (0x12B)
[0110/054225.005:WARNING:pe_image_reader.cc(302)] could not read dos header from C:\Windows\SYSTEM32\ntdll.dll
[0110/054225.005:ERROR:process_reader_win.cc(242)] ReadMemory at 0x7ffefa620000 of 64 bytes failed: Ukoñczono tylko czêœæ ¿¹dania ReadProcessMemory lub WriteProcessMemory. (0x12B)
[0110/054225.005:WARNING:pe_image_reader.cc(302)] could not read dos header from C:\Windows\system32\KERNEL32.DLL
[0110/054225.005:ERROR:process_reader_win.cc(242)] ReadMemory at 0x7ffef9080000 of 64 bytes failed: Ukoñczono tylko czêœæ ¿¹dania ReadProcessMemory lub WriteProcessMemory. (0x12B)
[0110/054225.005:WARNING:pe_image_reader.cc(302)] could not read dos header from C:\Windows\system32\KERNELBASE.dll
[0110/054225.005:ERROR:process_reader_win.cc(242)] ReadMemory at 0x7ffeeaca0000 of 64 bytes failed: Ukoñczono tylko czêœæ ¿¹dania ReadProcessMemory lub WriteProcessMemory. (0x12B)
[0110/054225.005:WARNING:pe_image_reader.cc(302)] could not read dos header from C:\Program Files (x86)\Google\Chrome\Application\71.0.3578.98\chrome_elf.dll
[0110/054225.005:ERROR:process_reader_win.cc(242)] ReadMemory at 0x7ffefa8f0000 of 64 bytes failed: Ukoñczono tylko czêœæ ¿¹dania ReadProcessMemory lub WriteProcessMemory. (0x12B)
[0110/054225.005:WARNING:pe_image_reader.cc(302)] could not read dos header from C:\Windows\system32\SHELL32.dll
[0110/054225.005:ERROR:process_reader_win.cc(242)] ReadMemory at 0x7ffef9b50000 of 64 bytes failed: Ukoñczono tylko czêœæ ¿¹dania ReadProcessMemory lub WriteProcessMemory. (0x12B)
[0110/054225.005:WARNING:pe_image_reader.cc(302)] could not read dos header from C:\Windows\system32\ADVAPI32.dll
[0110/054225.005:ERROR:process_reader_win.cc(242)] ReadMemory at 0x7ffefa490000 of 64 bytes failed: Ukoñczono tylko czêœæ ¿¹dania ReadProcessMemory lub WriteProcessMemory. (0x12B)
[0110/054225.005:WARNING:pe_image_reader.cc(302)] could not read dos header from C:\Windows\system32\USER32.dll
[0110/054225.005:ERROR:process_reader_win.cc(242)] ReadMemory at 0x7ffef1860000 of 64 bytes failed: Ukoñczono tylko czêœæ ¿¹dania ReadProcessMemory lub WriteProcessMemory. (0x12B)
[0110/054225.005:WARNING:pe_image_reader.cc(302)] could not read dos header from C:\Windows\SYSTEM32\VERSION.dll
[0110/054225.006:ERROR:process_reader_win.cc(242)] ReadMemory at 0x7ffefa850000 of 64 bytes failed: Ukoñczono tylko czêœæ ¿¹dania ReadProcessMemory lub WriteProcessMemory. (0x12B)
[0110/054225.006:WARNING:pe_image_reader.cc(302)] could not read dos header from C:\Windows\system32\SHLWAPI.dll
[0110/054225.006:ERROR:process_reader_win.cc(242)] ReadMemory at 0x7ffeef140000 of 64 bytes failed: Ukoñczono tylko czêœæ ¿¹dania ReadProcessMemory lub WriteProcessMemory. (0x12B)
[0110/054225.006:WARNING:pe_image_reader.cc(302)] could not read dos header from C:\Windows\SYSTEM32\WINMM.dll
[0110/054225.006:ERROR:process_reader_win.cc(242)] ReadMemory at 0x7ffef8580000 of 64 bytes failed: Ukoñczono tylko czêœæ ¿¹dania ReadProcessMemory lub WriteProcessMemory. (0x12B)
[0110/054225.006:WARNING:pe_image_reader.cc(302)] could not read dos header from C:\Windows\SYSTEM32\USERENV.dll
[0110/054225.006:ERROR:process_reader_win.cc(242)] ReadMemory at 0x7ffef9940000 of 64 bytes failed: Ukoñczono tylko czêœæ ¿¹dania ReadProcessMemory lub WriteProcessMemory. (0x12B)
[0110/054225.006:WARNING:pe_image_reader.cc(302)] could not read dos header from C:\Windows\system32\PSAPI.DLL
[0110/054225.006:ERROR:process_reader_win.cc(242)] ReadMemory at 0x7ffef9dc0000 of 64 bytes failed: Ukoñczono tylko czêœæ ¿¹dania ReadProcessMemory lub WriteProcessMemory. (0x12B)
[0110/054225.006:WARNING:pe_image_reader.cc(302)] could not read dos header from C:\Windows\system32\msvcrt.dll
[0110/054225.006:ERROR:process_reader_win.cc(242)] ReadMemory at 0x7ffef94b0000 of 64 bytes failed: Ukoñczono tylko czêœæ ¿¹dania ReadProcessMemory lub WriteProcessMemory. (0x12B)
[0110/054225.006:WARNING:pe_image_reader.cc(302)] could not read dos header from C:\Windows\SYSTEM32\combase.dll
[0110/054225.006:ERROR:process_reader_win.cc(242)] ReadMemory at 0x7ffef9c00000 of 64 bytes failed: Ukoñczono tylko czêœæ ¿¹dania ReadProcessMemory lub WriteProcessMemory. (0x12B)
[0110/054225.006:WARNING:pe_image_reader.cc(302)] could not read dos header from C:\Windows\system32\GDI32.dll
[0110/054225.006:ERROR:process_reader_win.cc(242)] ReadMemory at 0x7ffef98e0000 of 64 bytes failed: Ukoñczono tylko czêœæ ¿¹dania ReadProcessMemory lub WriteProcessMemory. (0x12B)
[0110/054225.006:WARNING:pe_image_reader.cc(302)] could not read dos header from C:\Windows\SYSTEM32\sechost.dll
[0110/054225.006:ERROR:process_reader_win.cc(242)] ReadMemory at 0x7ffef9e70000 of 64 bytes failed: Ukoñczono tylko czêœæ ¿¹dania ReadProcessMemory lub WriteProcessMemory. (0x12B)
[0110/054225.006:WARNING:pe_image_reader.cc(302)] could not read dos header from C:\Windows\system32\RPCRT4.dll
[0110/054225.006:ERROR:process_reader_win.cc(242)] ReadMemory at 0x7ffeef110000 of 64 bytes failed: Ukoñczono tylko czêœæ ¿¹dania ReadProcessMemory lub WriteProcessMemory. (0x12B)
[0110/054225.006:WARNING:pe_image_reader.cc(302)] could not read dos header from C:\Windows\SYSTEM32\WINMMBASE.dll
[0110/054225.006:ERROR:process_reader_win.cc(242)] ReadMemory at 0x7ffef8f50000 of 64 bytes failed: Ukoñczono tylko czêœæ ¿¹dania ReadProcessMemory lub WriteProcessMemory. (0x12B)
[0110/054225.006:WARNING:pe_image_reader.cc(302)] could not read dos header from C:\Windows\SYSTEM32\profapi.dll
[0110/054225.006:ERROR:process_reader_win.cc(242)] ReadMemory at 0x7ffef9480000 of 64 bytes failed: Ukoñczono tylko czêœæ ¿¹dania ReadProcessMemory lub WriteProcessMemory. (0x12B)
[0110/054225.006:WARNING:pe_image_reader.cc(302)] could not read dos header from C:\Windows\system32\SspiCli.dll
[0110/054225.006:ERROR:process_reader_win.cc(242)] ReadMemory at 0x7ffef9430000 of 64 bytes failed: Ukoñczono tylko czêœæ ¿¹dania ReadProcessMemory lub WriteProcessMemory. (0x12B)
[0110/054225.006:WARNING:pe_image_reader.cc(302)] could not read dos header from C:\Windows\SYSTEM32\cfgmgr32.dll
[0110/054225.006:ERROR:process_reader_win.cc(242)] ReadMemory at 0x7ffef7d90000 of 64 bytes failed: Ukoñczono tylko czêœæ ¿¹dania ReadProcessMemory lub WriteProcessMemory. (0x12B)
[0110/054225.006:WARNING:pe_image_reader.cc(302)] could not read dos header from C:\Windows\SYSTEM32\DEVOBJ.dll
[0110/054225.007:ERROR:process_reader_win.cc(242)] ReadMemory at 0x7ffef8e90000 of 64 bytes failed: Ukoñczono tylko czêœæ ¿¹dania ReadProcessMemory lub WriteProcessMemory. (0x12B)
[0110/054225.007:WARNING:pe_image_reader.cc(302)] could not read dos header from C:\Windows\SYSTEM32\CRYPTBASE.DLL
[0110/054225.007:ERROR:process_reader_win.cc(242)] ReadMemory at 0x7ffef8e20000 of 64 bytes failed: Ukoñczono tylko czêœæ ¿¹dania ReadProcessMemory lub WriteProcessMemory. (0x12B)
[0110/054225.007:WARNING:pe_image_reader.cc(302)] could not read dos header from C:\Windows\SYSTEM32\bcryptPrimitives.dll
[0110/054225.007:ERROR:process_reader_win.cc(242)] ReadMemory at 0x7ffefa8b0000 of 64 bytes failed: Ukoñczono tylko czêœæ ¿¹dania ReadProcessMemory lub WriteProcessMemory. (0x12B)
[0110/054225.007:WARNING:pe_image_reader.cc(302)] could not read dos header from C:\Windows\system32\IMM32.DLL
[0110/054225.007:ERROR:process_reader_win.cc(242)] ReadMemory at 0x7ffef9780000 of 64 bytes failed: Ukoñczono tylko czêœæ ¿¹dania ReadProcessMemory lub WriteProcessMemory. (0x12B)
[0110/054225.007:WARNING:pe_image_reader.cc(302)] could not read dos header from C:\Windows\system32\MSCTF.dll
[0110/054225.007:ERROR:process_reader_win.cc(242)] ReadMemory at 0x7ffef74e0000 of 64 bytes failed: Ukoñczono tylko czêœæ ¿¹dania ReadProcessMemory lub WriteProcessMemory. (0x12B)
[0110/054225.007:WARNING:pe_image_reader.cc(302)] could not read dos header from C:\Windows\SYSTEM32\shcore.dll
[0110/054225.007:ERROR:process_reader_win.cc(242)] ReadMemory at 0x7ffecee40000 of 64 bytes failed: Ukoñczono tylko czêœæ ¿¹dania ReadProcessMemory lub WriteProcessMemory. (0x12B)
[0110/054225.007:WARNING:pe_image_reader.cc(302)] could not read dos header from C:\Program Files (x86)\Google\Chrome\Application\71.0.3578.98\chrome_child.dll
[0110/054225.007:ERROR:process_reader_win.cc(242)] ReadMemory at 0x7ffefa240000 of 64 bytes failed: Ukoñczono tylko czêœæ ¿¹dania ReadProcessMemory lub WriteProcessMemory. (0x12B)
[0110/054225.007:WARNING:pe_image_reader.cc(302)] could not read dos header from C:\Windows\system32\WS2_32.dll
[0110/054225.007:ERROR:process_reader_win.cc(242)] ReadMemory at 0x7ffef3e10000 of 64 bytes failed: Ukoñczono tylko czêœæ ¿¹dania ReadProcessMemory lub WriteProcessMemory. (0x12B)
[0110/054225.007:WARNING:pe_image_reader.cc(302)] could not read dos header from C:\Windows\SYSTEM32\IPHLPAPI.DLL
[0110/054225.007:ERROR:process_reader_win.cc(242)] ReadMemory at 0x7ffef99b0000 of 64 bytes failed: Ukoñczono tylko czêœæ ¿¹dania ReadProcessMemory lub WriteProcessMemory. (0x12B)
[0110/054225.007:WARNING:pe_image_reader.cc(302)] could not read dos header from C:\Windows\system32\ole32.dll
[0110/054225.007:ERROR:process_reader_win.cc(242)] ReadMemory at 0x7ffefa170000 of 64 bytes failed: Ukoñczono tylko czêœæ ¿¹dania ReadProcessMemory lub WriteProcessMemory. (0x12B)
[0110/054225.007:WARNING:pe_image_reader.cc(302)] could not read dos header from C:\Windows\system32\OLEAUT32.dll
[0110/054225.007:ERROR:process_reader_win.cc(242)] ReadMemory at 0x7ffef6090000 of 64 bytes failed: Ukoñczono tylko czêœæ ¿¹dania ReadProcessMemory lub WriteProcessMemory. (0x12B)
[0110/054225.007:WARNING:pe_image_reader.cc(302)] could not read dos header from C:\Windows\SYSTEM32\OLEACC.dll
[0110/054225.007:ERROR:process_reader_win.cc(242)] ReadMemory at 0x7ffef9020000 of 64 bytes failed: Ukoñczono tylko czêœæ ¿¹dania ReadProcessMemory lub WriteProcessMemory. (0x12B)
[0110/054225.007:WARNING:pe_image_reader.cc(302)] could not read dos header from C:\Windows\system32\WINTRUST.dll
[0110/054225.007:ERROR:process_reader_win.cc(242)] ReadMemory at 0x55ea00000 of 64 bytes failed: Ukoñczono tylko czêœæ ¿¹dania ReadProcessMemory lub WriteProcessMemory. (0x12B)
[0110/054225.007:WARNING:pe_image_reader.cc(302)] could not read dos header from C:\Windows\system32\COMDLG32.dll
[0110/054225.007:ERROR:process_reader_win.cc(242)] ReadMemory at 0x7ffef5010000 of 64 bytes failed: Ukoñczono tylko czêœæ ¿¹dania ReadProcessMemory lub WriteProcessMemory. (0x12B)
[0110/054225.007:WARNING:pe_image_reader.cc(302)] could not read dos header from C:\Windows\SYSTEM32\DWrite.dll
[0110/054225.007:ERROR:process_reader_win.cc(242)] ReadMemory at 0x7ffef6b10000 of 64 bytes failed: Ukoñczono tylko czêœæ ¿¹dania ReadProcessMemory lub WriteProcessMemory. (0x12B)
[0110/054225.007:WARNING:pe_image_reader.cc(302)] could not read dos header from C:\Windows\SYSTEM32\dxgi.dll
[0110/054225.008:ERROR:process_reader_win.cc(242)] ReadMemory at 0x7ffeed040000 of 64 bytes failed: Ukoñczono tylko czêœæ ¿¹dania ReadProcessMemory lub WriteProcessMemory. (0x12B)
[0110/054225.008:WARNING:pe_image_reader.cc(302)] could not read dos header from C:\Windows\SYSTEM32\WINSPOOL.DRV
[0110/054225.008:ERROR:process_reader_win.cc(242)] ReadMemory at 0x7ffeebf00000 of 64 bytes failed: Ukoñczono tylko czêœæ ¿¹dania ReadProcessMemory lub WriteProcessMemory. (0x12B)
[0110/054225.008:WARNING:pe_image_reader.cc(302)] could not read dos header from C:\Windows\SYSTEM32\dbghelp.dll
[0110/054225.008:ERROR:process_reader_win.cc(242)] ReadMemory at 0x7ffeeef50000 of 64 bytes failed: Ukoñczono tylko czêœæ ¿¹dania ReadProcessMemory lub WriteProcessMemory. (0x12B)
[0110/054225.008:WARNING:pe_image_reader.cc(302)] could not read dos header from C:\Windows\SYSTEM32\USP10.dll
[0110/054225.008:ERROR:process_reader_win.cc(242)] ReadMemory at 0x7ffef91a0000 of 64 bytes failed: Ukoñczono tylko czêœæ ¿¹dania ReadProcessMemory lub WriteProcessMemory. (0x12B)
[0110/054225.008:WARNING:pe_image_reader.cc(302)] could not read dos header from C:\Windows\system32\CRYPT32.dll
[0110/054225.008:ERROR:process_reader_win.cc(242)] ReadMemory at 0x7ffef0f30000 of 64 bytes failed: Ukoñczono tylko czêœæ ¿¹dania ReadProcessMemory lub WriteProcessMemory. (0x12B)
[0110/054225.008:WARNING:pe_image_reader.cc(302)] could not read dos header from C:\Windows\SYSTEM32\WINHTTP.dll
[0110/054225.008:ERROR:process_reader_win.cc(242)] ReadMemory at 0x7ffef2450000 of 64 bytes failed: Ukoñczono tylko czêœæ ¿¹dania ReadProcessMemory lub WriteProcessMemory. (0x12B)
[0110/054225.008:WARNING:pe_image_reader.cc(302)] could not read dos header from C:\Windows\SYSTEM32\urlmon.dll
[0110/054225.008:ERROR:process_reader_win.cc(242)] ReadMemory at 0x7ffef68b0000 of 64 bytes failed: Ukoñczono tylko czêœæ ¿¹dania ReadProcessMemory lub WriteProcessMemory. (0x12B)
[0110/054225.008:WARNING:pe_image_reader.cc(302)] could not read dos header from C:\Windows\SYSTEM32\Secur32.dll
[0110/054225.008:ERROR:process_reader_win.cc(242)] ReadMemory at 0x7ffef3ac0000 of 64 bytes failed: Ukoñczono tylko czêœæ ¿¹dania ReadProcessMemory lub WriteProcessMemory. (0x12B)
[0110/054225.008:WARNING:pe_image_reader.cc(302)] could not read dos header from C:\Windows\SYSTEM32\dhcpcsvc.DLL
[0110/054225.008:ERROR:process_reader_win.cc(242)] ReadMemory at 0x7ffefa610000 of 64 bytes failed: Ukoñczono tylko czêœæ ¿¹dania ReadProcessMemory lub WriteProcessMemory. (0x12B)
[0110/054225.008:WARNING:pe_image_reader.cc(302)] could not read dos header from C:\Windows\system32\NSI.dll
[0110/054225.008:ERROR:process_reader_win.cc(242)] ReadMemory at 0x7ffef3df0000 of 64 bytes failed: Ukoñczono tylko czêœæ ¿¹dania ReadProcessMemory lub WriteProcessMemory. (0x12B)
[0110/054225.008:WARNING:pe_image_reader.cc(302)] could not read dos header from C:\Windows\SYSTEM32\WINNSI.DLL
[0110/054225.008:ERROR:process_reader_win.cc(242)] ReadMemory at 0x7ffef9000000 of 64 bytes failed: Ukoñczono tylko czêœæ ¿¹dania ReadProcessMemory lub WriteProcessMemory. (0x12B)
[0110/054225.008:WARNING:pe_image_reader.cc(302)] could not read dos header from C:\Windows\system32\MSASN1.dll
[0110/054225.008:ERROR:process_reader_win.cc(242)] ReadMemory at 0x7ffef6eb0000 of 64 bytes failed: Ukoñczono tylko czêœæ ¿¹dania ReadProcessMemory lub WriteProcessMemory. (0x12B)
[0110/054225.008:WARNING:pe_image_reader.cc(302)] could not read dos header from C:\Windows\WinSxS\amd64_microsoft.windows.common-controls_6595b64144ccf1df_6.0.9600.18006_none_623f33d3ecbe86e8\COMCTL32.dll
[0110/054225.008:ERROR:process_reader_win.cc(242)] ReadMemory at 0x7ffef2180000 of 64 bytes failed: Ukoñczono tylko czêœæ ¿¹dania ReadProcessMemory lub WriteProcessMemory. (0x12B)
[0110/054225.008:WARNING:pe_image_reader.cc(302)] could not read dos header from C:\Windows\SYSTEM32\iertutil.dll
[0110/054225.008:ERROR:process_reader_win.cc(242)] ReadMemory at 0x7ffef1cd0000 of 64 bytes failed: Ukoñczono tylko czêœæ ¿¹dania ReadProcessMemory lub WriteProcessMemory. (0x12B)
[0110/054225.008:WARNING:pe_image_reader.cc(302)] could not read dos header from C:\Windows\SYSTEM32\WININET.dll
[0110/054225.008:ERROR:process_reader_win.cc(242)] ReadMemory at 0x7ffef7ba0000 of 64 bytes failed: Ukoñczono tylko czêœæ ¿¹dania ReadProcessMemory lub WriteProcessMemory. (0x12B)
[0110/054225.008:WARNING:pe_image_reader.cc(302)] could not read dos header from C:\Windows\SYSTEM32\kernel.appcore.dll
[0110/054225.008:ERROR:process_reader_win.cc(242)] ReadMemory at 0x7ffefa2a0000 of 64 bytes failed: Ukoñczono tylko czêœæ ¿¹dania ReadProcessMemory lub WriteProcessMemory. (0x12B)
[0110/054225.009:WARNING:pe_image_reader.cc(302)] could not read dos header from C:\Windows\system32\SETUPAPI.dll
[0110/054225.009:ERROR:process_reader_win.cc(242)] ReadMemory at 0x7ffee9190000 of 64 bytes failed: Ukoñczono tylko czêœæ ¿¹dania ReadProcessMemory lub WriteProcessMemory. (0x12B)
[0110/054225.009:WARNING:pe_image_reader.cc(302)] could not read dos header from C:\Windows\SYSTEM32\mf.dll
[0110/054225.009:ERROR:process_reader_win.cc(242)] ReadMemory at 0x7ffeea310000 of 64 bytes failed: Ukoñczono tylko czêœæ ¿¹dania ReadProcessMemory lub WriteProcessMemory. (0x12B)
[0110/054225.009:WARNING:pe_image_reader.cc(302)] could not read dos header from C:\Windows\SYSTEM32\mfplat.dll
[0110/054225.009:ERROR:process_reader_win.cc(242)] ReadMemory at 0x7ffeebc60000 of 64 bytes failed: Ukoñczono tylko czêœæ ¿¹dania ReadProcessMemory lub WriteProcessMemory. (0x12B)
[0110/054225.009:WARNING:pe_image_reader.cc(302)] could not read dos header from C:\Windows\SYSTEM32\RTWorkQ.DLL
[0110/054225.009:ERROR:process_reader_win.cc(242)] ReadMemory at 0x7ffef6e90000 of 64 bytes failed: Ukoñczono tylko czêœæ ¿¹dania ReadProcessMemory lub WriteProcessMemory. (0x12B)
[0110/054225.009:WARNING:pe_image_reader.cc(302)] could not read dos header from C:\Windows\SYSTEM32\AVRT.dll
[0110/054225.009:ERROR:process_reader_win.cc(242)] ReadMemory at 0x7ffede730000 of 64 bytes failed: Ukoñczono tylko czêœæ ¿¹dania ReadProcessMemory lub WriteProcessMemory. (0x12B)
[0110/054225.009:WARNING:pe_image_reader.cc(302)] could not read dos header from C:\Windows\SYSTEM32\msmpeg2vdec.dll
[0110/054225.009:ERROR:process_reader_win.cc(242)] ReadMemory at 0x7ffef88a0000 of 64 bytes failed: Ukoñczono tylko czêœæ ¿¹dania ReadProcessMemory lub WriteProcessMemory. (0x12B)
[0110/054225.009:WARNING:pe_image_reader.cc(302)] could not read dos header from C:\Windows\SYSTEM32\CRYPTSP.dll
[0110/054225.009:ERROR:process_reader_win.cc(242)] ReadMemory at 0x7ffef8b00000 of 64 bytes failed: Ukoñczono tylko czêœæ ¿¹dania ReadProcessMemory lub WriteProcessMemory. (0x12B)
[0110/054225.009:WARNING:pe_image_reader.cc(302)] could not read dos header from C:\Windows\SYSTEM32\bcrypt.dll
[0110/054225.009:ERROR:process_reader_win.cc(242)] ReadMemory at 0x7ffee85d0000 of 64 bytes failed: Ukoñczono tylko czêœæ ¿¹dania ReadProcessMemory lub WriteProcessMemory. (0x12B)
[0110/054225.009:WARNING:pe_image_reader.cc(302)] could not read dos header from C:\Windows\SYSTEM32\dxva2.dll
[0110/054225.009:ERROR:process_reader_win.cc(242)] ReadMemory at 0x7ffee7e70000 of 64 bytes failed: Ukoñczono tylko czêœæ ¿¹dania ReadProcessMemory lub WriteProcessMemory. (0x12B)
[0110/054225.009:WARNING:pe_image_reader.cc(302)] could not read dos header from C:\Windows\SYSTEM32\msvproc.dll
[0110/054225.009:ERROR:process_reader_win.cc(242)] ReadMemory at 0x7ffece1b0000 of 64 bytes failed: Ukoñczono tylko czêœæ ¿¹dania ReadProcessMemory lub WriteProcessMemory. (0x12B)
[0110/054225.009:WARNING:pe_image_reader.cc(302)] could not read dos header from C:\Windows\SYSTEM32\D3DCompiler_47.dll
[0110/054225.009:ERROR:process_reader_win.cc(242)] ReadMemory at 0x7ffedbab0000 of 64 bytes failed: Ukoñczono tylko czêœæ ¿¹dania ReadProcessMemory lub WriteProcessMemory. (0x12B)
[0110/054225.009:WARNING:pe_image_reader.cc(302)] could not read dos header from C:\Program Files (x86)\Google\Chrome\Application\71.0.3578.98\libglesv2.dll
[0110/054225.009:ERROR:process_reader_win.cc(242)] ReadMemory at 0x7ffecda60000 of 64 bytes failed: Ukoñczono tylko czêœæ ¿¹dania ReadProcessMemory lub WriteProcessMemory. (0x12B)
[0110/054225.009:WARNING:pe_image_reader.cc(302)] could not read dos header from C:\Windows\SYSTEM32\d3d9.dll
[0110/054225.009:ERROR:process_reader_win.cc(242)] ReadMemory at 0x7ffef72e0000 of 64 bytes failed: Ukoñczono tylko czêœæ ¿¹dania ReadProcessMemory lub WriteProcessMemory. (0x12B)
[0110/054225.009:WARNING:pe_image_reader.cc(302)] could not read dos header from C:\Windows\SYSTEM32\dwmapi.dll
[0110/054225.009:ERROR:process_reader_win.cc(242)] ReadMemory at 0x7ffeed660000 of 64 bytes failed: Ukoñczono tylko czêœæ ¿¹dania ReadProcessMemory lub WriteProcessMemory. (0x12B)
[0110/054225.009:WARNING:pe_image_reader.cc(302)] could not read dos header from C:\Program Files (x86)\Google\Chrome\Application\71.0.3578.98\libegl.dll
[0110/054225.009:ERROR:process_reader_win.cc(242)] ReadMemory at 0x7ffef6c50000 of 64 bytes failed: Ukoñczono tylko czêœæ ¿¹dania ReadProcessMemory lub WriteProcessMemory. (0x12B)
[0110/054225.010:WARNING:pe_image_reader.cc(302)] could not read dos header from C:\Windows\SYSTEM32\d3d11.dll
[0110/054225.010:ERROR:process_reader_win.cc(242)] ReadMemory at 0x7ffef75a0000 of 64 bytes failed: Ukoñczono tylko czêœæ ¿¹dania ReadProcessMemory lub WriteProcessMemory. (0x12B)
[0110/054225.010:WARNING:pe_image_reader.cc(302)] could not read dos header from C:\Windows\SYSTEM32\dcomp.dll
[0110/054225.010:ERROR:process_reader_win.cc(242)] ReadMemory at 0x7ffef5200000 of 64 bytes failed: Ukoñczono tylko czêœæ ¿¹dania ReadProcessMemory lub WriteProcessMemory. (0x12B)
[0110/054225.010:WARNING:pe_image_reader.cc(302)] could not read dos header from C:\Windows\SYSTEM32\igd10iumd64.dll
[0110/054225.010:ERROR:process_reader_win.cc(242)] ReadMemory at 0x7ffef8a90000 of 64 bytes failed: Ukoñczono tylko czêœæ ¿¹dania ReadProcessMemory lub WriteProcessMemory. (0x12B)
[0110/054225.010:WARNING:pe_image_reader.cc(302)] could not read dos header from C:\Windows\SYSTEM32\ncrypt.dll
[0110/054225.010:ERROR:process_reader_win.cc(242)] ReadMemory at 0x7ffef8a50000 of 64 bytes failed: Ukoñczono tylko czêœæ ¿¹dania ReadProcessMemory lub WriteProcessMemory. (0x12B)
[0110/054225.010:WARNING:pe_image_reader.cc(302)] could not read dos header from C:\Windows\SYSTEM32\NTASN1.dll
[0110/054225.010:ERROR:process_reader_win.cc(242)] ReadMemory at 0x7ffef6440000 of 64 bytes failed: Ukoñczono tylko czêœæ ¿¹dania ReadProcessMemory lub WriteProcessMemory. (0x12B)
[0110/054225.010:WARNING:pe_image_reader.cc(302)] could not read dos header from C:\Windows\SYSTEM32\igdusc64.dll
[0110/054225.010:ERROR:process_reader_win.cc(242)] ReadMemory at 0x7ffef96c0000 of 64 bytes failed: Ukoñczono tylko czêœæ ¿¹dania ReadProcessMemory lub WriteProcessMemory. (0x12B)
[0110/054225.010:WARNING:pe_image_reader.cc(302)] could not read dos header from C:\Windows\SYSTEM32\clbcatq.dll
[0110/054225.010:ERROR:process_reader_win.cc(242)] ReadMemory at 0x7ffee52c0000 of 64 bytes failed: Ukoñczono tylko czêœæ ¿¹dania ReadProcessMemory lub WriteProcessMemory. (0x12B)
[0110/054225.010:WARNING:pe_image_reader.cc(302)] could not read dos header from C:\Windows\System32\mfh264enc.dll
[0110/054226.033:ERROR:process_reader_win.cc(242)] ReadMemory at 0x55cf53000 of 53248 bytes failed: Ukoñczono tylko czêœæ ¿¹dania ReadProcessMemory lub WriteProcessMemory. (0x12B)
[0110/054226.033:ERROR:process_reader_win.cc(242)] ReadMemory at 0x55fede000 of 8192 bytes failed: Ukoñczono tylko czêœæ ¿¹dania ReadProcessMemory lub WriteProcessMemory. (0x12B)
[0110/054226.033:ERROR:process_reader_win.cc(242)] ReadMemory at 0x560ade000 of 8192 bytes failed: Ukoñczono tylko czêœæ ¿¹dania ReadProcessMemory lub WriteProcessMemory. (0x12B)
[0110/054226.033:ERROR:process_reader_win.cc(242)] ReadMemory at 0x560cdd000 of 12288 bytes failed: Ukoñczono tylko czêœæ ¿¹dania ReadProcessMemory lub WriteProcessMemory. (0x12B)
[0110/054226.033:ERROR:process_reader_win.cc(242)] ReadMemory at 0x560ede000 of 8192 bytes failed: Ukoñczono tylko czêœæ ¿¹dania ReadProcessMemory lub WriteProcessMemory. (0x12B)
[0110/054226.033:ERROR:process_reader_win.cc(242)] ReadMemory at 0x5610de000 of 8192 bytes failed: Ukoñczono tylko czêœæ ¿¹dania ReadProcessMemory lub WriteProcessMemory. (0x12B)
[0110/054226.033:ERROR:process_reader_win.cc(242)] ReadMemory at 0x5612de000 of 8192 bytes failed: Ukoñczono tylko czêœæ ¿¹dania ReadProcessMemory lub WriteProcessMemory. (0x12B)
[0110/054226.033:ERROR:process_reader_win.cc(242)] ReadMemory at 0x5614dd000 of 12288 bytes failed: Ukoñczono tylko czêœæ ¿¹dania ReadProcessMemory lub WriteProcessMemory. (0x12B)
[0110/054226.034:ERROR:process_reader_win.cc(242)] ReadMemory at 0x5616de000 of 8192 bytes failed: Ukoñczono tylko czêœæ ¿¹dania ReadProcessMemory lub WriteProcessMemory. (0x12B)
[0110/054226.034:ERROR:process_reader_win.cc(242)] ReadMemory at 0x5618de000 of 8192 bytes failed: Ukoñczono tylko czêœæ ¿¹dania ReadProcessMemory lub WriteProcessMemory. (0x12B)
[0110/054226.034:ERROR:process_reader_win.cc(242)] ReadMemory at 0x563fd6000 of 40960 bytes failed: Ukoñczono tylko czêœæ ¿¹dania ReadProcessMemory lub WriteProcessMemory. (0x12B)
[0110/054226.034:ERROR:process_reader_win.cc(242)] ReadMemory at 0x5643df000 of 4096 bytes failed: Ukoñczono tylko czêœæ ¿¹dania ReadProcessMemory lub WriteProcessMemory. (0x12B)
[0110/054226.034:ERROR:process_reader_win.cc(242)] ReadMemory at 0x5645de000 of 8192 bytes failed: Ukoñczono tylko czêœæ ¿¹dania ReadProcessMemory lub WriteProcessMemory. (0x12B)
[0110/054226.034:ERROR:process_reader_win.cc(242)] ReadMemory at 0x5647d6000 of 40960 bytes failed: Ukoñczono tylko czêœæ ¿¹dania ReadProcessMemory lub WriteProcessMemory. (0x12B)
[0110/054226.034:ERROR:process_reader_win.cc(242)] ReadMemory at 0x563096000 of 40960 bytes failed: Ukoñczono tylko czêœæ ¿¹dania ReadProcessMemory lub WriteProcessMemory. (0x12B)
[0110/054226.034:ERROR:process_reader_win.cc(242)] ReadMemory at 0x5641df000 of 4096 bytes failed: Ukoñczono tylko czêœæ ¿¹dania ReadProcessMemory lub WriteProcessMemory. (0x12B)
[0110/054226.034:ERROR:process_reader_win.cc(242)] ReadMemory at 0x5649df000 of 4096 bytes failed: Ukoñczono tylko czêœæ ¿¹dania ReadProcessMemory lub WriteProcessMemory. (0x12B)
[0110/054226.034:ERROR:process_reader_win.cc(242)] ReadMemory at 0x564bd6000 of 40960 bytes failed: Ukoñczono tylko czêœæ ¿¹dania ReadProcessMemory lub WriteProcessMemory. (0x12B)
[0110/054226.034:ERROR:process_reader_win.cc(242)] ReadMemory at 0x5653de000 of 8192 bytes failed: Ukoñczono tylko czêœæ ¿¹dania ReadProcessMemory lub WriteProcessMemory. (0x12B)
[0110/054226.034:ERROR:process_reader_win.cc(242)] ReadMemory at 0x55d0b07e0 of 62 bytes failed: Ukoñczono tylko czêœæ ¿¹dania ReadProcessMemory lub WriteProcessMemory. (0x12B)
[0110/054226.035:ERROR:process_reader_win.cc(242)] ReadMemory at 0x55d0b0860 of 4346 bytes failed: Ukoñczono tylko czêœæ ¿¹dania ReadProcessMemory lub WriteProcessMemory. (0x12B)
[0110/054226.035:ERROR:process_reader_win.cc(242)] ReadMemory at 0x55d0b1970 of 1012 bytes failed: Ukoñczono tylko czêœæ ¿¹dania ReadProcessMemory lub WriteProcessMemory. (0x12B)
[0110/054226.035:ERROR:process_reader_win.cc(242)] ReadMemory at 0x55d0b1f88 of 118 bytes failed: Ukoñczono tylko czêœæ ¿¹dania ReadProcessMemory lub WriteProcessMemory. (0x12B)
[0110/054226.035:ERROR:process_reader_win.cc(242)] ReadMemory at 0x55d0b2000 of 1290 bytes failed: Ukoñczono tylko czêœæ ¿¹dania ReadProcessMemory lub WriteProcessMemory. (0x12B)
[0110/054226.035:ERROR:process_reader_win.cc(242)] ReadMemory at 0x55d0b250c of 118 bytes failed: Ukoñczono tylko czêœæ ¿¹dania ReadProcessMemory lub WriteProcessMemory. (0x12B)
[0110/054226.035:ERROR:process_reader_win.cc(242)] ReadMemory at 0x55d0b2590 of 58 bytes failed: Ukoñczono tylko czêœæ ¿¹dania ReadProcessMemory lub WriteProcessMemory. (0x12B)
[0110/054226.035:ERROR:process_reader_win.cc(242)] ReadMemory at 0x55d0b2690 of 132 bytes failed: Ukoñczono tylko czêœæ ¿¹dania ReadProcessMemory lub WriteProcessMemory. (0x12B)
[0110/054226.035:ERROR:process_reader_win.cc(242)] ReadMemory at 0x55d0b2810 of 132 bytes failed: Ukoñczono tylko czêœæ ¿¹dania ReadProcessMemory lub WriteProcessMemory. (0x12B)
[0110/054226.035:ERROR:process_reader_win.cc(242)] ReadMemory at 0x55d0b2d10 of 64 bytes failed: Ukoñczono tylko czêœæ ¿¹dania ReadProcessMemory lub WriteProcessMemory. (0x12B)
[0110/054226.035:ERROR:process_reader_win.cc(242)] ReadMemory at 0x55d0b2d60 of 132 bytes failed: Ukoñczono tylko czêœæ ¿¹dania ReadProcessMemory lub WriteProcessMemory. (0x12B)
[0110/054226.035:ERROR:process_reader_win.cc(242)] ReadMemory at 0x55d0b3020 of 152 bytes failed: Ukoñczono tylko czêœæ ¿¹dania ReadProcessMemory lub WriteProcessMemory. (0x12B)
[0110/054226.035:ERROR:process_reader_win.cc(242)] ReadMemory at 0x55d0b30d0 of 68 bytes failed: Ukoñczono tylko czêœæ ¿¹dania ReadProcessMemory lub WriteProcessMemory. (0x12B)
[0110/054226.035:ERROR:process_reader_win.cc(242)] ReadMemory at 0x55d0b3120 of 132 bytes failed: Ukoñczono tylko czêœæ ¿¹dania ReadProcessMemory lub WriteProcessMemory. (0x12B)
[0110/054226.035:ERROR:process_reader_win.cc(242)] ReadMemory at 0x55d0b3fd0 of 132 bytes failed: Ukoñczono tylko czêœæ ¿¹dania ReadProcessMemory lub WriteProcessMemory. (0x12B)
[0110/054226.035:ERROR:process_reader_win.cc(242)] ReadMemory at 0x55d0b4150 of 62 bytes failed: Ukoñczono tylko czêœæ ¿¹dania ReadProcessMemory lub WriteProcessMemory. (0x12B)
[0110/054226.035:ERROR:process_reader_win.cc(242)] ReadMemory at 0x55d0b41a0 of 132 bytes failed: Ukoñczono tylko czêœæ ¿¹dania ReadProcessMemory lub WriteProcessMemory. (0x12B)
[0110/054226.036:ERROR:process_reader_win.cc(242)] ReadMemory at 0x55d0b43b0 of 64 bytes failed: Ukoñczono tylko czêœæ ¿¹dania ReadProcessMemory lub WriteProcessMemory. (0x12B)
[0110/054226.036:ERROR:process_reader_win.cc(242)] ReadMemory at 0x55d0b4400 of 132 bytes failed: Ukoñczono tylko czêœæ ¿¹dania ReadProcessMemory lub WriteProcessMemory. (0x12B)
[0110/054226.036:ERROR:process_reader_win.cc(242)] ReadMemory at 0x55d0b4610 of 60 bytes failed: Ukoñczono tylko czêœæ ¿¹dania ReadProcessMemory lub WriteProcessMemory. (0x12B)
[0110/054226.036:ERROR:process_reader_win.cc(242)] ReadMemory at 0x55d0b4660 of 132 bytes failed: Ukoñczono tylko czêœæ ¿¹dania ReadProcessMemory lub WriteProcessMemory. (0x12B)
[0110/054226.036:ERROR:process_reader_win.cc(242)] ReadMemory at 0x55d0b6d00 of 62 bytes failed: Ukoñczono tylko czêœæ ¿¹dania ReadProcessMemory lub WriteProcessMemory. (0x12B)
[0110/054226.036:ERROR:process_reader_win.cc(242)] ReadMemory at 0x55d0b6d50 of 132 bytes failed: Ukoñczono tylko czêœæ ¿¹dania ReadProcessMemory lub WriteProcessMemory. (0x12B)
[0110/054226.036:ERROR:process_reader_win.cc(242)] ReadMemory at 0x55d0b6e70 of 132 bytes failed: Ukoñczono tylko czêœæ ¿¹dania ReadProcessMemory lub WriteProcessMemory. (0x12B)
[0110/054226.036:ERROR:process_reader_win.cc(242)] ReadMemory at 0x55d0b6ff0 of 58 bytes failed: Ukoñczono tylko czêœæ ¿¹dania ReadProcessMemory lub WriteProcessMemory. (0x12B)
[0110/054226.036:ERROR:process_reader_win.cc(242)] ReadMemory at 0x55d0b7070 of 58 bytes failed: Ukoñczono tylko czêœæ ¿¹dania ReadProcessMemory lub WriteProcessMemory. (0x12B)
[0110/054226.036:ERROR:process_reader_win.cc(242)] ReadMemory at 0x55d0b70c0 of 132 bytes failed: Ukoñczono tylko czêœæ ¿¹dania ReadProcessMemory lub WriteProcessMemory. (0x12B)
[0110/054226.036:ERROR:process_reader_win.cc(242)] ReadMemory at 0x55d0b7210 of 62 bytes failed: Ukoñczono tylko czêœæ ¿¹dania ReadProcessMemory lub WriteProcessMemory. (0x12B)
[0110/054226.036:ERROR:process_reader_win.cc(242)] ReadMemory at 0x55d0b84c0 of 132 bytes failed: Ukoñczono tylko czêœæ ¿¹dania ReadProcessMemory lub WriteProcessMemory. (0x12B)
[0110/054226.036:ERROR:process_reader_win.cc(242)] ReadMemory at 0x55d0b85e0 of 132 bytes failed: Ukoñczono tylko czêœæ ¿¹dania ReadProcessMemory lub WriteProcessMemory. (0x12B)
[0110/054226.036:ERROR:process_reader_win.cc(242)] ReadMemory at 0x55d0b9280 of 62 bytes failed: Ukoñczono tylko czêœæ ¿¹dania ReadProcessMemory lub WriteProcessMemory. (0x12B)
[0110/054226.036:ERROR:process_reader_win.cc(242)] ReadMemory at 0x55d0b93c0 of 66 bytes failed: Ukoñczono tylko czêœæ ¿¹dania ReadProcessMemory lub WriteProcessMemory. (0x12B)
[0110/054226.037:ERROR:process_reader_win.cc(242)] ReadMemory at 0x55d0b9460 of 60 bytes failed: Ukoñczono tylko czêœæ ¿¹dania ReadProcessMemory lub WriteProcessMemory. (0x12B)
[0110/054226.037:ERROR:process_reader_win.cc(242)] ReadMemory at 0x55d0b94b0 of 58 bytes failed: Ukoñczono tylko czêœæ ¿¹dania ReadProcessMemory lub WriteProcessMemory. (0x12B)
[0110/054226.037:ERROR:process_reader_win.cc(242)] ReadMemory at 0x55d0b9500 of 64 bytes failed: Ukoñczono tylko czêœæ ¿¹dania ReadProcessMemory lub WriteProcessMemory. (0x12B)
[0110/054226.037:ERROR:process_reader_win.cc(242)] ReadMemory at 0x55d0b9550 of 66 bytes failed: Ukoñczono tylko czêœæ ¿¹dania ReadProcessMemory lub WriteProcessMemory. (0x12B)
[0110/054226.037:ERROR:process_reader_win.cc(242)] ReadMemory at 0x55d0b95f0 of 58 bytes failed: Ukoñczono tylko czêœæ ¿¹dania ReadProcessMemory lub WriteProcessMemory. (0x12B)
[0110/054226.037:ERROR:process_reader_win.cc(242)] ReadMemory at 0x55d0b9690 of 62 bytes failed: Ukoñczono tylko czêœæ ¿¹dania ReadProcessMemory lub WriteProcessMemory. (0x12B)
[0110/054226.037:ERROR:process_reader_win.cc(242)] ReadMemory at 0x55d0b96e0 of 62 bytes failed: Ukoñczono tylko czêœæ ¿¹dania ReadProcessMemory lub WriteProcessMemory. (0x12B)
[0110/054226.037:ERROR:process_reader_win.cc(242)] ReadMemory at 0x55d0b9730 of 60 bytes failed: Ukoñczono tylko czêœæ ¿¹dania ReadProcessMemory lub WriteProcessMemory. (0x12B)
[0110/054226.037:ERROR:process_reader_win.cc(242)] ReadMemory at 0x55d0b97d0 of 62 bytes failed: Ukoñczono tylko czêœæ ¿¹dania ReadProcessMemory lub WriteProcessMemory. (0x12B)
[0110/054226.037:ERROR:process_reader_win.cc(242)] ReadMemory at 0x55d0b9820 of 58 bytes failed: Ukoñczono tylko czêœæ ¿¹dania ReadProcessMemory lub WriteProcessMemory. (0x12B)
[0110/054226.037:ERROR:process_reader_win.cc(242)] ReadMemory at 0x55d0b98c0 of 60 bytes failed: Ukoñczono tylko czêœæ ¿¹dania ReadProcessMemory lub WriteProcessMemory. (0x12B)
[0110/054226.037:ERROR:process_reader_win.cc(242)] ReadMemory at 0x55d0b9a40 of 132 bytes failed: Ukoñczono tylko czêœæ ¿¹dania ReadProcessMemory lub WriteProcessMemory. (0x12B)
[0110/054226.038:ERROR:process_reader_win.cc(242)] ReadMemory at 0x55d0b9b90 of 132 bytes failed: Ukoñczono tylko czêœæ ¿¹dania ReadProcessMemory lub WriteProcessMemory. (0x12B)
[0110/054226.038:ERROR:process_reader_win.cc(242)] ReadMemory at 0x55d0ba0f0 of 132 bytes failed: Ukoñczono tylko czêœæ ¿¹dania ReadProcessMemory lub WriteProcessMemory. (0x12B)
[0110/054226.038:ERROR:process_reader_win.cc(242)] ReadMemory at 0x55d0ba210 of 156 bytes failed: Ukoñczono tylko czêœæ ¿¹dania ReadProcessMemory lub WriteProcessMemory. (0x12B)
[0110/054226.038:ERROR:process_reader_win.cc(242)] ReadMemory at 0x55d0ba2d0 of 132 bytes failed: Ukoñczono tylko czêœæ ¿¹dania ReadProcessMemory lub WriteProcessMemory. (0x12B)
[0110/054226.038:ERROR:process_reader_win.cc(242)] ReadMemory at 0x55d0ba440 of 132 bytes failed: Ukoñczono tylko czêœæ ¿¹dania ReadProcessMemory lub WriteProcessMemory. (0x12B)
[0110/054226.038:ERROR:process_reader_win.cc(242)] ReadMemory at 0x55d0ba560 of 132 bytes failed: Ukoñczono tylko czêœæ ¿¹dania ReadProcessMemory lub WriteProcessMemory. (0x12B)
[0110/054226.038:ERROR:process_reader_win.cc(242)] ReadMemory at 0x55d0ba680 of 132 bytes failed: Ukoñczono tylko czêœæ ¿¹dania ReadProcessMemory lub WriteProcessMemory. (0x12B)
[0110/054226.038:ERROR:process_reader_win.cc(242)] ReadMemory at 0x55d0ba7a0 of 132 bytes failed: Ukoñczono tylko czêœæ ¿¹dania ReadProcessMemory lub WriteProcessMemory. (0x12B)
[0110/054226.038:ERROR:process_reader_win.cc(242)] ReadMemory at 0x55d0ba8c0 of 132 bytes failed: Ukoñczono tylko czêœæ ¿¹dania ReadProcessMemory lub WriteProcessMemory. (0x12B)
[0110/054226.038:ERROR:process_reader_win.cc(242)] ReadMemory at 0x55d0ba9e0 of 132 bytes failed: Ukoñczono tylko czêœæ ¿¹dania ReadProcessMemory lub WriteProcessMemory. (0x12B)
[0110/054226.038:ERROR:process_reader_win.cc(242)] ReadMemory at 0x55d0bab00 of 132 bytes failed: Ukoñczono tylko czêœæ ¿¹dania ReadProcessMemory lub WriteProcessMemory. (0x12B)
[0110/054226.038:ERROR:process_reader_win.cc(242)] ReadMemory at 0x55d0bac20 of 132 bytes failed: Ukoñczono tylko czêœæ ¿¹dania ReadProcessMemory lub WriteProcessMemory. (0x12B)
[0110/054226.038:ERROR:process_reader_win.cc(242)] ReadMemory at 0x55d0bad40 of 132 bytes failed: Ukoñczono tylko czêœæ ¿¹dania ReadProcessMemory lub WriteProcessMemory. (0x12B)
[0110/054226.038:ERROR:process_reader_win.cc(242)] ReadMemory at 0x55d0bae60 of 132 bytes failed: Ukoñczono tylko czêœæ ¿¹dania ReadProcessMemory lub WriteProcessMemory. (0x12B)
[0110/054226.038:ERROR:process_reader_win.cc(242)] ReadMemory at 0x55d0baf80 of 132 bytes failed: Ukoñczono tylko czêœæ ¿¹dania ReadProcessMemory lub WriteProcessMemory. (0x12B)
[0110/054226.038:ERROR:process_reader_win.cc(242)] ReadMemory at 0x55d0bb0a0 of 132 bytes failed: Ukoñczono tylko czêœæ ¿¹dania ReadProcessMemory lub WriteProcessMemory. (0x12B)
[0110/054226.039:ERROR:process_reader_win.cc(242)] ReadMemory at 0x55d0bb1c0 of 132 bytes failed: Ukoñczono tylko czêœæ ¿¹dania ReadProcessMemory lub WriteProcessMemory. (0x12B)
[0110/054226.039:ERROR:process_reader_win.cc(242)] ReadMemory at 0x55d0bb8e0 of 80 bytes failed: Ukoñczono tylko czêœæ ¿¹dania ReadProcessMemory lub WriteProcessMemory. (0x12B)
[0110/054226.039:ERROR:process_reader_win.cc(242)] ReadMemory at 0x55d0bd120 of 54 bytes failed: Ukoñczono tylko czêœæ ¿¹dania ReadProcessMemory lub WriteProcessMemory. (0x12B)
[0110/054226.039:ERROR:process_reader_win.cc(242)] ReadMemory at 0x55d0bff30 of 64 bytes failed: Ukoñczono tylko czêœæ ¿¹dania ReadProcessMemory lub WriteProcessMemory. (0x12B)
[0110/054226.039:ERROR:process_reader_win.cc(242)] ReadMemory at 0x55d0bff80 of 58 bytes failed: Ukoñczono tylko czêœæ ¿¹dania ReadProcessMemory lub WriteProcessMemory. (0x12B)
[0110/054226.039:ERROR:process_reader_win.cc(242)] ReadMemory at 0x55d0c00c0 of 64 bytes failed: Ukoñczono tylko czêœæ ¿¹dania ReadProcessMemory lub WriteProcessMemory. (0x12B)
[0110/054226.039:ERROR:process_reader_win.cc(242)] ReadMemory at 0x55d0c0110 of 60 bytes failed: Ukoñczono tylko czêœæ ¿¹dania ReadProcessMemory lub WriteProcessMemory. (0x12B)
[0110/054226.039:ERROR:process_reader_win.cc(242)] ReadMemory at 0x55d0c0160 of 60 bytes failed: Ukoñczono tylko czêœæ ¿¹dania ReadProcessMemory lub WriteProcessMemory. (0x12B)
[0110/054226.039:ERROR:process_reader_win.cc(242)] ReadMemory at 0x55d0c01b0 of 62 bytes failed: Ukoñczono tylko czêœæ ¿¹dania ReadProcessMemory lub WriteProcessMemory. (0x12B)
[0110/054226.039:ERROR:process_reader_win.cc(242)] ReadMemory at 0x55d0c0200 of 60 bytes failed: Ukoñczono tylko czêœæ ¿¹dania ReadProcessMemory lub WriteProcessMemory. (0x12B)
[0110/054226.039:ERROR:process_reader_win.cc(242)] ReadMemory at 0x55d0c02f0 of 60 bytes failed: Ukoñczono tylko czêœæ ¿¹dania ReadProcessMemory lub WriteProcessMemory. (0x12B)
[0110/054226.039:ERROR:process_reader_win.cc(242)] ReadMemory at 0x55d0c06b0 of 64 bytes failed: Ukoñczono tylko czêœæ ¿¹dania ReadProcessMemory lub WriteProcessMemory. (0x12B)
[0110/054226.039:ERROR:process_reader_win.cc(242)] ReadMemory at 0x55d0c0700 of 62 bytes failed: Ukoñczono tylko czêœæ ¿¹dania ReadProcessMemory lub WriteProcessMemory. (0x12B)
[0110/054226.039:ERROR:process_reader_win.cc(242)] ReadMemory at 0x55d0c0750 of 60 bytes failed: Ukoñczono tylko czêœæ ¿¹dania ReadProcessMemory lub WriteProcessMemory. (0x12B)
[0110/054226.039:ERROR:process_reader_win.cc(242)] ReadMemory at 0x55d0c07a0 of 64 bytes failed: Ukoñczono tylko czêœæ ¿¹dania ReadProcessMemory lub WriteProcessMemory. (0x12B)
[0110/054226.039:ERROR:process_reader_win.cc(242)] ReadMemory at 0x55d0c07f0 of 56 bytes failed: Ukoñczono tylko czêœæ ¿¹dania ReadProcessMemory lub WriteProcessMemory. (0x12B)
[0110/054226.039:ERROR:process_reader_win.cc(242)] ReadMemory at 0x55d0c0840 of 58 bytes failed: Ukoñczono tylko czêœæ ¿¹dania ReadProcessMemory lub WriteProcessMemory. (0x12B)
[0110/054226.040:ERROR:process_reader_win.cc(242)] ReadMemory at 0x55d0c08e0 of 64 bytes failed: Ukoñczono tylko czêœæ ¿¹dania ReadProcessMemory lub WriteProcessMemory. (0x12B)
[0110/054226.040:ERROR:process_reader_win.cc(242)] ReadMemory at 0x55d0c0930 of 62 bytes failed: Ukoñczono tylko czêœæ ¿¹dania ReadProcessMemory lub WriteProcessMemory. (0x12B)
[0110/054226.040:ERROR:process_reader_win.cc(242)] ReadMemory at 0x55d0c0980 of 64 bytes failed: Ukoñczono tylko czêœæ ¿¹dania ReadProcessMemory lub WriteProcessMemory. (0x12B)
[0110/054226.040:ERROR:process_reader_win.cc(242)] ReadMemory at 0x55d0c09d0 of 64 bytes failed: Ukoñczono tylko czêœæ ¿¹dania ReadProcessMemory lub WriteProcessMemory. (0x12B)
[0110/054226.040:ERROR:process_reader_win.cc(242)] ReadMemory at 0x55d0c0a20 of 62 bytes failed: Ukoñczono tylko czêœæ ¿¹dania ReadProcessMemory lub WriteProcessMemory. (0x12B)
[0110/054226.040:ERROR:process_reader_win.cc(242)] ReadMemory at 0x55d0c0ac0 of 60 bytes failed: Ukoñczono tylko czêœæ ¿¹dania ReadProcessMemory lub WriteProcessMemory. (0x12B)
[0110/054226.040:ERROR:process_reader_win.cc(242)] ReadMemory at 0x55d0c0b60 of 62 bytes failed: Ukoñczono tylko czêœæ ¿¹dania ReadProcessMemory lub WriteProcessMemory. (0x12B)
[0110/054226.040:ERROR:process_reader_win.cc(242)] ReadMemory at 0x55d0c0c00 of 60 bytes failed: Ukoñczono tylko czêœæ ¿¹dania ReadProcessMemory lub WriteProcessMemory. (0x12B)
[0110/054226.040:ERROR:process_reader_win.cc(242)] ReadMemory at 0x55d0c2330 of 248 bytes failed: Ukoñczono tylko czêœæ ¿¹dania ReadProcessMemory lub WriteProcessMemory. (0x12B)
[0110/054226.040:ERROR:process_reader_win.cc(242)] ReadMemory at 0x55d0c424a of 512 bytes failed: Ukoñczono tylko czêœæ ¿¹dania ReadProcessMemory lub WriteProcessMemory. (0x12B)
[0110/054226.040:ERROR:process_reader_win.cc(242)] ReadMemory at 0x55d0c64b0 of 132 bytes failed: Ukoñczono tylko czêœæ ¿¹dania ReadProcessMemory lub WriteProcessMemory. (0x12B)
[0110/054226.040:ERROR:process_reader_win.cc(242)] ReadMemory at 0x55d0c65d0 of 132 bytes failed: Ukoñczono tylko czêœæ ¿¹dania ReadProcessMemory lub WriteProcessMemory. (0x12B)
[0110/054226.040:ERROR:process_reader_win.cc(242)] ReadMemory at 0x55d0c66f0 of 132 bytes failed: Ukoñczono tylko czêœæ ¿¹dania ReadProcessMemory lub WriteProcessMemory. (0x12B)
[0110/054226.040:ERROR:process_reader_win.cc(242)] ReadMemory at 0x55d0c6810 of 132 bytes failed: Ukoñczono tylko czêœæ ¿¹dania ReadProcessMemory lub WriteProcessMemory. (0x12B)
[0110/054226.040:ERROR:process_reader_win.cc(242)] ReadMemory at 0x55d0c6930 of 132 bytes failed: Ukoñczono tylko czêœæ ¿¹dania ReadProcessMemory lub WriteProcessMemory. (0x12B)
[0110/054226.040:ERROR:process_reader_win.cc(242)] ReadMemory at 0x55d0c6a50 of 132 bytes failed: Ukoñczono tylko czêœæ ¿¹dania ReadProcessMemory lub WriteProcessMemory. (0x12B)
[0110/054226.040:ERROR:process_reader_win.cc(242)] ReadMemory at 0x55d0c6b70 of 132 bytes failed: Ukoñczono tylko czêœæ ¿¹dania ReadProcessMemory lub WriteProcessMemory. (0x12B)
[0110/054226.041:ERROR:process_reader_win.cc(242)] ReadMemory at 0x55d0c6c90 of 132 bytes failed: Ukoñczono tylko czêœæ ¿¹dania ReadProcessMemory lub WriteProcessMemory. (0x12B)
[0110/054226.041:ERROR:process_reader_win.cc(242)] ReadMemory at 0x55d0c6db0 of 132 bytes failed: Ukoñczono tylko czêœæ ¿¹dania ReadProcessMemory lub WriteProcessMemory. (0x12B)
[0110/054226.041:ERROR:process_reader_win.cc(242)] ReadMemory at 0x55d0c6ed0 of 132 bytes failed: Ukoñczono tylko czêœæ ¿¹dania ReadProcessMemory lub WriteProcessMemory. (0x12B)
[0110/054226.041:ERROR:process_reader_win.cc(242)] ReadMemory at 0x55d0c6ff0 of 132 bytes failed: Ukoñczono tylko czêœæ ¿¹dania ReadProcessMemory lub WriteProcessMemory. (0x12B)
[0110/054226.041:ERROR:process_reader_win.cc(242)] ReadMemory at 0x55d0c7110 of 132 bytes failed: Ukoñczono tylko czêœæ ¿¹dania ReadProcessMemory lub WriteProcessMemory. (0x12B)
[0110/054226.041:ERROR:process_reader_win.cc(242)] ReadMemory at 0x55d0c7230 of 132 bytes failed: Ukoñczono tylko czêœæ ¿¹dania ReadProcessMemory lub WriteProcessMemory. (0x12B)
[0110/054226.041:ERROR:process_reader_win.cc(242)] ReadMemory at 0x55d0c7350 of 132 bytes failed: Ukoñczono tylko czêœæ ¿¹dania ReadProcessMemory lub WriteProcessMemory. (0x12B)
[0110/054226.041:ERROR:process_reader_win.cc(242)] ReadMemory at 0x55d0c7470 of 132 bytes failed: Ukoñczono tylko czêœæ ¿¹dania ReadProcessMemory lub WriteProcessMemory. (0x12B)
[0110/054226.041:ERROR:process_reader_win.cc(242)] ReadMemory at 0x55d0c7590 of 132 bytes failed: Ukoñczono tylko czêœæ ¿¹dania ReadProcessMemory lub WriteProcessMemory. (0x12B)
[0110/054226.041:ERROR:process_reader_win.cc(242)] ReadMemory at 0x55d0c76b0 of 132 bytes failed: Ukoñczono tylko czêœæ ¿¹dania ReadProcessMemory lub WriteProcessMemory. (0x12B)
[0110/054226.041:ERROR:process_reader_win.cc(242)] ReadMemory at 0x55d0c77d0 of 132 bytes failed: Ukoñczono tylko czêœæ ¿¹dania ReadProcessMemory lub WriteProcessMemory. (0x12B)
[0110/054226.041:ERROR:process_reader_win.cc(242)] ReadMemory at 0x55d0c78f0 of 132 bytes failed: Ukoñczono tylko czêœæ ¿¹dania ReadProcessMemory lub WriteProcessMemory. (0x12B)
[0110/054226.041:ERROR:process_reader_win.cc(242)] ReadMemory at 0x55d0c7a10 of 132 bytes failed: Ukoñczono tylko czêœæ ¿¹dania ReadProcessMemory lub WriteProcessMemory. (0x12B)
[0110/054226.041:ERROR:process_reader_win.cc(242)] ReadMemory at 0x55d0c7b30 of 132 bytes failed: Ukoñczono tylko czêœæ ¿¹dania ReadProcessMemory lub WriteProcessMemory. (0x12B)
[0110/054226.041:ERROR:process_reader_win.cc(242)] ReadMemory at 0x55d0c7c50 of 132 bytes failed: Ukoñczono tylko czêœæ ¿¹dania ReadProcessMemory lub WriteProcessMemory. (0x12B)
[0110/054226.041:ERROR:process_reader_win.cc(242)] ReadMemory at 0x55d0c7d70 of 132 bytes failed: Ukoñczono tylko czêœæ ¿¹dania ReadProcessMemory lub WriteProcessMemory. (0x12B)
[0110/054226.041:ERROR:process_reader_win.cc(242)] ReadMemory at 0x55d0c7e90 of 132 bytes failed: Ukoñczono tylko czêœæ ¿¹dania ReadProcessMemory lub WriteProcessMemory. (0x12B)
[0110/054226.042:ERROR:process_reader_win.cc(242)] ReadMemory at 0x55d0c7fb0 of 132 bytes failed: Ukoñczono tylko czêœæ ¿¹dania ReadProcessMemory lub WriteProcessMemory. (0x12B)
[0110/054226.042:ERROR:process_reader_win.cc(242)] ReadMemory at 0x55d0c80d0 of 132 bytes failed: Ukoñczono tylko czêœæ ¿¹dania ReadProcessMemory lub WriteProcessMemory. (0x12B)
[0110/054226.042:ERROR:process_reader_win.cc(242)] ReadMemory at 0x55d0c81f0 of 132 bytes failed: Ukoñczono tylko czêœæ ¿¹dania ReadProcessMemory lub WriteProcessMemory. (0x12B)
[0110/054226.042:ERROR:process_reader_win.cc(242)] ReadMemory at 0x55d0c8310 of 132 bytes failed: Ukoñczono tylko czêœæ ¿¹dania ReadProcessMemory lub WriteProcessMemory. (0x12B)
[0110/054226.042:ERROR:process_reader_win.cc(242)] ReadMemory at 0x55d0c9a10 of 76 bytes failed: Ukoñczono tylko czêœæ ¿¹dania ReadProcessMemory lub WriteProcessMemory. (0x12B)
[0110/054226.042:ERROR:process_reader_win.cc(242)] ReadMemory at 0x55d0ca190 of 76 bytes failed: Ukoñczono tylko czêœæ ¿¹dania ReadProcessMemory lub WriteProcessMemory. (0x12B)
[0110/054226.042:ERROR:process_reader_win.cc(242)] ReadMemory at 0x55d0cb7e0 of 52 bytes failed: Ukoñczono tylko czêœæ ¿¹dania ReadProcessMemory lub WriteProcessMemory. (0x12B)
[0110/054226.042:ERROR:process_reader_win.cc(242)] ReadMemory at 0x55d0cc2e0 of 56 bytes failed: Ukoñczono tylko czêœæ ¿¹dania ReadProcessMemory lub WriteProcessMemory. (0x12B)
[0110/054226.042:ERROR:process_reader_win.cc(242)] ReadMemory at 0x55d0cc3d0 of 60 bytes failed: Ukoñczono tylko czêœæ ¿¹dania ReadProcessMemory lub WriteProcessMemory. (0x12B)
[0110/054226.042:ERROR:process_reader_win.cc(242)] ReadMemory at 0x55d0cc510 of 62 bytes failed: Ukoñczono tylko czêœæ ¿¹dania ReadProcessMemory lub WriteProcessMemory. (0x12B)
[0110/054226.042:ERROR:process_reader_win.cc(242)] ReadMemory at 0x55d0cc740 of 70 bytes failed: Ukoñczono tylko czêœæ ¿¹dania ReadProcessMemory lub WriteProcessMemory. (0x12B)
[0110/054226.042:ERROR:process_reader_win.cc(242)] ReadMemory at 0x55d0cc790 of 64 bytes failed: Ukoñczono tylko czêœæ ¿¹dania ReadProcessMemory lub WriteProcessMemory. (0x12B)
[0110/054226.042:ERROR:process_reader_win.cc(242)] ReadMemory at 0x55d0cc970 of 60 bytes failed: Ukoñczono tylko czêœæ ¿¹dania ReadProcessMemory lub WriteProcessMemory. (0x12B)
[0110/054226.042:ERROR:process_reader_win.cc(242)] ReadMemory at 0x55d0ccab0 of 62 bytes failed: Ukoñczono tylko czêœæ ¿¹dania ReadProcessMemory lub WriteProcessMemory. (0x12B)
[0110/054226.042:ERROR:process_reader_win.cc(242)] ReadMemory at 0x55d0ccbf0 of 62 bytes failed: Ukoñczono tylko czêœæ ¿¹dania ReadProcessMemory lub WriteProcessMemory. (0x12B)
[0110/054226.042:ERROR:process_reader_win.cc(242)] ReadMemory at 0x55d0ccd80 of 58 bytes failed: Ukoñczono tylko czêœæ ¿¹dania ReadProcessMemory lub WriteProcessMemory. (0x12B)
[0110/054226.043:ERROR:process_reader_win.cc(242)] ReadMemory at 0x55d0dc830 of 150 bytes failed: Ukoñczono tylko czêœæ ¿¹dania ReadProcessMemory lub WriteProcessMemory. (0x12B)
[0110/054226.043:ERROR:process_reader_win.cc(242)] ReadMemory at 0x55d0dc8d0 of 144 bytes failed: Ukoñczono tylko czêœæ ¿¹dania ReadProcessMemory lub WriteProcessMemory. (0x12B)
[0110/054226.043:ERROR:process_reader_win.cc(242)] ReadMemory at 0x55d0e5e00 of 132 bytes failed: Ukoñczono tylko czêœæ ¿¹dania ReadProcessMemory lub WriteProcessMemory. (0x12B)
[0110/054226.043:ERROR:process_reader_win.cc(242)] ReadMemory at 0x55d0e5f20 of 132 bytes failed: Ukoñczono tylko czêœæ ¿¹dania ReadProcessMemory lub WriteProcessMemory. (0x12B)
[0110/054226.043:ERROR:process_reader_win.cc(242)] ReadMemory at 0x55d0e6160 of 132 bytes failed: Ukoñczono tylko czêœæ ¿¹dania ReadProcessMemory lub WriteProcessMemory. (0x12B)
[0110/054226.043:ERROR:process_reader_win.cc(242)] ReadMemory at 0x55d0e65e0 of 132 bytes failed: Ukoñczono tylko czêœæ ¿¹dania ReadProcessMemory lub WriteProcessMemory. (0x12B)
[0110/054226.043:ERROR:process_reader_win.cc(242)] ReadMemory at 0x55d0e6820 of 132 bytes failed: Ukoñczono tylko czêœæ ¿¹dania ReadProcessMemory lub WriteProcessMemory. (0x12B)
[0110/054226.043:ERROR:process_reader_win.cc(242)] ReadMemory at 0x55d0e6ca0 of 132 bytes failed: Ukoñczono tylko czêœæ ¿¹dania ReadProcessMemory lub WriteProcessMemory. (0x12B)
[0110/054226.043:ERROR:process_reader_win.cc(242)] ReadMemory at 0x55d0e6dc0 of 132 bytes failed: Ukoñczono tylko czêœæ ¿¹dania ReadProcessMemory lub WriteProcessMemory. (0x12B)
[0110/054226.043:ERROR:process_reader_win.cc(242)] ReadMemory at 0x55d0e6ee0 of 132 bytes failed: Ukoñczono tylko czêœæ ¿¹dania ReadProcessMemory lub WriteProcessMemory. (0x12B)
[0110/054226.043:ERROR:process_reader_win.cc(242)] ReadMemory at 0x55d0e7000 of 132 bytes failed: Ukoñczono tylko czêœæ ¿¹dania ReadProcessMemory lub WriteProcessMemory. (0x12B)
[0110/054226.043:ERROR:process_reader_win.cc(242)] ReadMemory at 0x55d0e7120 of 132 bytes failed: Ukoñczono tylko czêœæ ¿¹dania ReadProcessMemory lub WriteProcessMemory. (0x12B)
[0110/054226.043:ERROR:process_reader_win.cc(242)] ReadMemory at 0x55d0e7240 of 132 bytes failed: Ukoñczono tylko czêœæ ¿¹dania ReadProcessMemory lub WriteProcessMemory. (0x12B)
[0110/054226.043:ERROR:process_reader_win.cc(242)] ReadMemory at 0x55d0e7360 of 132 bytes failed: Ukoñczono tylko czêœæ ¿¹dania ReadProcessMemory lub WriteProcessMemory. (0x12B)
[0110/054226.043:ERROR:process_reader_win.cc(242)] ReadMemory at 0x55d0e7480 of 132 bytes failed: Ukoñczono tylko czêœæ ¿¹dania ReadProcessMemory lub WriteProcessMemory. (0x12B)
[0110/054226.043:ERROR:process_reader_win.cc(242)] ReadMemory at 0x55d0e75a0 of 132 bytes failed: Ukoñczono tylko czêœæ ¿¹dania ReadProcessMemory lub WriteProcessMemory. (0x12B)
[0110/054226.043:ERROR:process_reader_win.cc(242)] ReadMemory at 0x55d0e76c0 of 132 bytes failed: Ukoñczono tylko czêœæ ¿¹dania ReadProcessMemory lub WriteProcessMemory. (0x12B)
[0110/054226.044:ERROR:process_reader_win.cc(242)] ReadMemory at 0x55d0e77e0 of 132 bytes failed: Ukoñczono tylko czêœæ ¿¹dania ReadProcessMemory lub WriteProcessMemory. (0x12B)
[0110/054226.044:ERROR:process_reader_win.cc(242)] ReadMemory at 0x55d0e7a20 of 132 bytes failed: Ukoñczono tylko czêœæ ¿¹dania ReadProcessMemory lub WriteProcessMemory. (0x12B)
[0110/054226.044:ERROR:process_reader_win.cc(242)] ReadMemory at 0x55d0e7e00 of 56 bytes failed: Ukoñczono tylko czêœæ ¿¹dania ReadProcessMemory lub WriteProcessMemory. (0x12B)
[0110/054226.044:ERROR:process_reader_win.cc(242)] ReadMemory at 0x55d0e7f90 of 58 bytes failed: Ukoñczono tylko czêœæ ¿¹dania ReadProcessMemory lub WriteProcessMemory. (0x12B)
[0110/054226.044:ERROR:process_reader_win.cc(242)] ReadMemory at 0x55d0e83f0 of 60 bytes failed: Ukoñczono tylko czêœæ ¿¹dania ReadProcessMemory lub WriteProcessMemory. (0x12B)
[0110/054226.044:ERROR:process_reader_win.cc(242)] ReadMemory at 0x55d0e8440 of 70 bytes failed: Ukoñczono tylko czêœæ ¿¹dania ReadProcessMemory lub WriteProcessMemory. (0x12B)
[0110/054226.044:ERROR:process_reader_win.cc(242)] ReadMemory at 0x55d0e8760 of 58 bytes failed: Ukoñczono tylko czêœæ ¿¹dania ReadProcessMemory lub WriteProcessMemory. (0x12B)
[0110/054226.044:ERROR:process_reader_win.cc(242)] ReadMemory at 0x55d0e8940 of 60 bytes failed: Ukoñczono tylko czêœæ ¿¹dania ReadProcessMemory lub WriteProcessMemory. (0x12B)
[0110/054226.044:ERROR:process_reader_win.cc(242)] ReadMemory at 0x55d0e8b20 of 60 bytes failed: Ukoñczono tylko czêœæ ¿¹dania ReadProcessMemory lub WriteProcessMemory. (0x12B)
[0110/054226.044:ERROR:process_reader_win.cc(242)] ReadMemory at 0x55d0e8dd0 of 124 bytes failed: Ukoñczono tylko czêœæ ¿¹dania ReadProcessMemory lub WriteProcessMemory. (0x12B)
[0110/054226.044:ERROR:process_reader_win.cc(242)] ReadMemory at 0x55d10b740 of 64 bytes failed: Ukoñczono tylko czêœæ ¿¹dania ReadProcessMemory lub WriteProcessMemory. (0x12B)
[0110/054226.044:ERROR:process_reader_win.cc(242)] ReadMemory at 0x55d15e050 of 512 bytes failed: Ukoñczono tylko czêœæ ¿¹dania ReadProcessMemory lub WriteProcessMemory. (0x12B)
[0110/054226.044:ERROR:process_reader_win.cc(242)] ReadMemory at 0x55d16a410 of 512 bytes failed: Ukoñczono tylko czêœæ ¿¹dania ReadProcessMemory lub WriteProcessMemory. (0x12B)
[0110/054226.044:ERROR:process_reader_win.cc(242)] ReadMemory at 0x55d173150 of 62 bytes failed: Ukoñczono tylko czêœæ ¿¹dania ReadProcessMemory lub WriteProcessMemory. (0x12B)
[0110/054226.044:ERROR:process_reader_win.cc(242)] ReadMemory at 0x55d175f50 of 512 bytes failed: Ukoñczono tylko czêœæ ¿¹dania ReadProcessMemory lub WriteProcessMemory. (0x12B)
[0110/054226.044:ERROR:process_reader_win.cc(242)] ReadMemory at 0x55e981840 of 512 bytes failed: Ukoñczono tylko czêœæ ¿¹dania ReadProcessMemory lub WriteProcessMemory. (0x12B)
[0110/054226.044:ERROR:process_reader_win.cc(242)] ReadMemory at 0x55eadb190 of 512 bytes failed: Ukoñczono tylko czêœæ ¿¹dania ReadProcessMemory lub WriteProcessMemory. (0x12B)
[0110/054226.045:ERROR:process_reader_win.cc(242)] ReadMemory at 0x55eade518 of 512 bytes failed: Ukoñczono tylko czêœæ ¿¹dania ReadProcessMemory lub WriteProcessMemory. (0x12B)
[0110/054226.045:ERROR:process_reader_win.cc(242)] ReadMemory at 0x55eae5588 of 512 bytes failed: Ukoñczono tylko czêœæ ¿¹dania ReadProcessMemory lub WriteProcessMemory. (0x12B)
[0110/054226.045:ERROR:process_reader_win.cc(242)] ReadMemory at 0x55eafcaf0 of 512 bytes failed: Ukoñczono tylko czêœæ ¿¹dania ReadProcessMemory lub WriteProcessMemory. (0x12B)
[0110/054226.045:ERROR:process_reader_win.cc(242)] ReadMemory at 0x55eb731e0 of 512 bytes failed: Ukoñczono tylko czêœæ ¿¹dania ReadProcessMemory lub WriteProcessMemory. (0x12B)
[0110/054226.045:ERROR:process_reader_win.cc(242)] ReadMemory at 0x55eb8c698 of 512 bytes failed: Ukoñczono tylko czêœæ ¿¹dania ReadProcessMemory lub WriteProcessMemory. (0x12B)
[0110/054226.045:ERROR:process_reader_win.cc(242)] ReadMemory at 0x55fee5060 of 512 bytes failed: Ukoñczono tylko czêœæ ¿¹dania ReadProcessMemory lub WriteProcessMemory. (0x12B)
[0110/054226.045:ERROR:process_reader_win.cc(242)] ReadMemory at 0x5626c8370 of 512 bytes failed: Ukoñczono tylko czêœæ ¿¹dania ReadProcessMemory lub WriteProcessMemory. (0x12B)
[0110/054226.045:ERROR:process_reader_win.cc(242)] ReadMemory at 0x5626df690 of 512 bytes failed: Ukoñczono tylko czêœæ ¿¹dania ReadProcessMemory lub WriteProcessMemory. (0x12B)
[0110/054226.045:ERROR:process_reader_win.cc(242)] ReadMemory at 0x5626dfa30 of 512 bytes failed: Ukoñczono tylko czêœæ ¿¹dania ReadProcessMemory lub WriteProcessMemory. (0x12B)
[0110/054226.045:ERROR:process_reader_win.cc(242)] ReadMemory at 0x5626dfdb0 of 544 bytes failed: Ukoñczono tylko czêœæ ¿¹dania ReadProcessMemory lub WriteProcessMemory. (0x12B)
[0110/054226.045:ERROR:process_reader_win.cc(242)] ReadMemory at 0x5626e0170 of 512 bytes failed: Ukoñczono tylko czêœæ ¿¹dania ReadProcessMemory lub WriteProcessMemory. (0x12B)
[0110/054226.045:ERROR:process_reader_win.cc(242)] ReadMemory at 0x5626e04f0 of 544 bytes failed: Ukoñczono tylko czêœæ ¿¹dania ReadProcessMemory lub WriteProcessMemory. (0x12B)
[0110/054226.045:ERROR:process_reader_win.cc(242)] ReadMemory at 0x5626e08b0 of 512 bytes failed: Ukoñczono tylko czêœæ ¿¹dania ReadProcessMemory lub WriteProcessMemory. (0x12B)
[0110/054226.045:ERROR:process_reader_win.cc(242)] ReadMemory at 0x5626e0c50 of 512 bytes failed: Ukoñczono tylko czêœæ ¿¹dania ReadProcessMemory lub WriteProcessMemory. (0x12B)
[0110/054226.045:ERROR:process_reader_win.cc(242)] ReadMemory at 0x5626e0fd0 of 544 bytes failed: Ukoñczono tylko czêœæ ¿¹dania ReadProcessMemory lub WriteProcessMemory. (0x12B)
[0110/054226.045:ERROR:process_reader_win.cc(242)] ReadMemory at 0x5626e1370 of 512 bytes failed: Ukoñczono tylko czêœæ ¿¹dania ReadProcessMemory lub WriteProcessMemory. (0x12B)
[0110/054226.045:ERROR:process_reader_win.cc(242)] ReadMemory at 0x5626f49c0 of 512 bytes failed: Ukoñczono tylko czêœæ ¿¹dania ReadProcessMemory lub WriteProcessMemory. (0x12B)
[0110/054226.046:ERROR:process_reader_win.cc(242)] ReadMemory at 0x568bdd000 of 451 bytes failed: Ukoñczono tylko czêœæ ¿¹dania ReadProcessMemory lub WriteProcessMemory. (0x12B)
[0110/054226.046:ERROR:process_reader_win.cc(242)] ReadMemory at 0x56913bfc3 of 512 bytes failed: Ukoñczono tylko czêœæ ¿¹dania ReadProcessMemory lub WriteProcessMemory. (0x12B)
[0110/054226.046:ERROR:process_reader_win.cc(242)] ReadMemory at 0x5694fc860 of 512 bytes failed: Ukoñczono tylko czêœæ ¿¹dania ReadProcessMemory lub WriteProcessMemory. (0x12B)
[0110/054226.046:ERROR:process_reader_win.cc(242)] ReadMemory at 0x569747640 of 512 bytes failed: Ukoñczono tylko czêœæ ¿¹dania ReadProcessMemory lub WriteProcessMemory. (0x12B)
[0110/054226.046:ERROR:process_reader_win.cc(242)] ReadMemory at 0x7ff6a216e000 of 6024 bytes failed: Ukoñczono tylko czêœæ ¿¹dania ReadProcessMemory lub WriteProcessMemory. (0x12B)
[0110/054226.046:ERROR:process_reader_win.cc(242)] ReadMemory at 0x7ff6a2170000 of 6024 bytes failed: Ukoñczono tylko czêœæ ¿¹dania ReadProcessMemory lub WriteProcessMemory. (0x12B)
[0110/054226.046:ERROR:process_reader_win.cc(242)] ReadMemory at 0x7ff6a2172000 of 6024 bytes failed: Ukoñczono tylko czêœæ ¿¹dania ReadProcessMemory lub WriteProcessMemory. (0x12B)
[0110/054226.046:ERROR:process_reader_win.cc(242)] ReadMemory at 0x7ff6a2174000 of 6024 bytes failed: Ukoñczono tylko czêœæ ¿¹dania ReadProcessMemory lub WriteProcessMemory. (0x12B)
[0110/054226.046:ERROR:process_reader_win.cc(242)] ReadMemory at 0x7ff6a2176000 of 6024 bytes failed: Ukoñczono tylko czêœæ ¿¹dania ReadProcessMemory lub WriteProcessMemory. (0x12B)
[0110/054226.046:ERROR:process_reader_win.cc(242)] ReadMemory at 0x7ff6a2178000 of 6024 bytes failed: Ukoñczono tylko czêœæ ¿¹dania ReadProcessMemory lub WriteProcessMemory. (0x12B)
[0110/054226.046:ERROR:process_reader_win.cc(242)] ReadMemory at 0x7ff6a217a000 of 6024 bytes failed: Ukoñczono tylko czêœæ ¿¹dania ReadProcessMemory lub WriteProcessMemory. (0x12B)
[0110/054226.046:ERROR:process_reader_win.cc(242)] ReadMemory at 0x7ff6a217c000 of 6024 bytes failed: Ukoñczono tylko czêœæ ¿¹dania ReadProcessMemory lub WriteProcessMemory. (0x12B)
[0110/054226.047:ERROR:process_reader_win.cc(242)] ReadMemory at 0x7ff6a217e000 of 6024 bytes failed: Ukoñczono tylko czêœæ ¿¹dania ReadProcessMemory lub WriteProcessMemory. (0x12B)
[0110/054226.047:ERROR:process_reader_win.cc(242)] ReadMemory at 0x7ff6a2186000 of 6024 bytes failed: Ukoñczono tylko czêœæ ¿¹dania ReadProcessMemory lub WriteProcessMemory. (0x12B)
[0110/054226.047:ERROR:process_reader_win.cc(242)] ReadMemory at 0x7ff6a2188000 of 6024 bytes failed: Ukoñczono tylko czêœæ ¿¹dania ReadProcessMemory lub WriteProcessMemory. (0x12B)
[0110/054226.047:ERROR:process_reader_win.cc(242)] ReadMemory at 0x7ff6a218a000 of 6024 bytes failed: Ukoñczono tylko czêœæ ¿¹dania ReadProcessMemory lub WriteProcessMemory. (0x12B)
[0110/054226.047:ERROR:process_reader_win.cc(242)] ReadMemory at 0x7ff6a218c000 of 6024 bytes failed: Ukoñczono tylko czêœæ ¿¹dania ReadProcessMemory lub WriteProcessMemory. (0x12B)
[0110/054226.047:ERROR:process_reader_win.cc(242)] ReadMemory at 0x7ff6a218e000 of 6024 bytes failed: Ukoñczono tylko czêœæ ¿¹dania ReadProcessMemory lub WriteProcessMemory. (0x12B)
[0110/054226.047:ERROR:process_reader_win.cc(242)] ReadMemory at 0x7ff6a22b4000 of 6024 bytes failed: Ukoñczono tylko czêœæ ¿¹dania ReadProcessMemory lub WriteProcessMemory. (0x12B)
[0110/054226.047:ERROR:process_reader_win.cc(242)] ReadMemory at 0x7ff6a22b6000 of 6024 bytes failed: Ukoñczono tylko czêœæ ¿¹dania ReadProcessMemory lub WriteProcessMemory. (0x12B)
[0110/054226.047:ERROR:process_reader_win.cc(242)] ReadMemory at 0x7ff6a22b8000 of 6024 bytes failed: Ukoñczono tylko czêœæ ¿¹dania ReadProcessMemory lub WriteProcessMemory. (0x12B)
[0110/054226.047:ERROR:process_reader_win.cc(242)] ReadMemory at 0x7ff6a22ba000 of 6024 bytes failed: Ukoñczono tylko czêœæ ¿¹dania ReadProcessMemory lub WriteProcessMemory. (0x12B)
[0110/054226.047:ERROR:process_reader_win.cc(242)] ReadMemory at 0x7ff6a22bc000 of 6024 bytes failed: Ukoñczono tylko czêœæ ¿¹dania ReadProcessMemory lub WriteProcessMemory. (0x12B)
[0110/054226.047:ERROR:process_reader_win.cc(242)] ReadMemory at 0x7ff6a22be000 of 852 bytes failed: Ukoñczono tylko czêœæ ¿¹dania ReadProcessMemory lub WriteProcessMemory. (0x12B)
[0110/054226.048:ERROR:process_reader_win.cc(242)] ReadMemory at 0x7ffed1080f06 of 512 bytes failed: Ukoñczono tylko czêœæ ¿¹dania ReadProcessMemory lub WriteProcessMemory. (0x12B)
[0110/054226.048:ERROR:process_reader_win.cc(242)] ReadMemory at 0x7ffed10815b8 of 512 bytes failed: Ukoñczono tylko czêœæ ¿¹dania ReadProcessMemory lub WriteProcessMemory. (0x12B)
[0110/054226.048:ERROR:process_reader_win.cc(242)] ReadMemory at 0x7ffed3861910 of 512 bytes failed: Ukoñczono tylko czêœæ ¿¹dania ReadProcessMemory lub WriteProcessMemory. (0x12B)
[0110/054226.048:ERROR:process_reader_win.cc(242)] ReadMemory at 0x7ffed40d73a0 of 528 bytes failed: Ukoñczono tylko czêœæ ¿¹dania ReadProcessMemory lub WriteProcessMemory. (0x12B)
[0110/054226.048:ERROR:process_reader_win.cc(242)] ReadMemory at 0x7ffedbbfc2ea of 512 bytes failed: Ukoñczono tylko czêœæ ¿¹dania ReadProcessMemory lub WriteProcessMemory. (0x12B)
[0110/054226.048:ERROR:process_reader_win.cc(242)] ReadMemory at 0x7ffedbea8e28 of 512 bytes failed: Ukoñczono tylko czêœæ ¿¹dania ReadProcessMemory lub WriteProcessMemory. (0x12B)
[0110/054226.048:ERROR:process_reader_win.cc(242)] ReadMemory at 0x7ffedbf82d58 of 512 bytes failed: Ukoñczono tylko czêœæ ¿¹dania ReadProcessMemory lub WriteProcessMemory. (0x12B)
[0110/054226.048:ERROR:process_reader_win.cc(242)] ReadMemory at 0x7ffeeacb2bae of 512 bytes failed: Ukoñczono tylko czêœæ ¿¹dania ReadProcessMemory lub WriteProcessMemory. (0x12B)
[0110/054226.048:ERROR:process_reader_win.cc(242)] ReadMemory at 0x7ffeebc66b30 of 512 bytes failed: Ukoñczono tylko czêœæ ¿¹dania ReadProcessMemory lub WriteProcessMemory. (0x12B)
[0110/054226.048:ERROR:process_reader_win.cc(242)] ReadMemory at 0x7ffef9676ad0 of 512 bytes failed: Ukoñczono tylko czêœæ ¿¹dania ReadProcessMemory lub WriteProcessMemory. (0x12B)
[0110/054226.048:ERROR:process_reader_win.cc(242)] ReadMemory at 0x7ffefa620fb0 of 512 bytes failed: Ukoñczono tylko czêœæ ¿¹dania ReadProcessMemory lub WriteProcessMemory. (0x12B)
[0110/054226.048:ERROR:process_reader_win.cc(242)] ReadMemory at 0x7ffefbe295e0 of 18 bytes failed: Ukoñczono tylko czêœæ ¿¹dania ReadProcessMemory lub WriteProcessMemory. (0x12B)
[0110/054226.048:ERROR:process_reader_win.cc(242)] ReadMemory at 0x7ffefbe3c4f0 of 512 bytes failed: Ukoñczono tylko czêœæ ¿¹dania ReadProcessMemory lub WriteProcessMemory. (0x12B)
[0110/054226.048:ERROR:process_reader_win.cc(242)] ReadMemory at 0x7ffefbe5acd0 of 512 bytes failed: Ukoñczono tylko czêœæ ¿¹dania ReadProcessMemory lub WriteProcessMemory. (0x12B)
[0110/054226.048:ERROR:process_reader_win.cc(242)] ReadMemory at 0x7ffefbe5b5f0 of 512 bytes failed: Ukoñczono tylko czêœæ ¿¹dania ReadProcessMemory lub WriteProcessMemory. (0x12B)
[0110/054226.048:ERROR:process_reader_win.cc(242)] ReadMemory at 0x7ffefbeb071a of 592 bytes failed: Ukoñczono tylko czêœæ ¿¹dania ReadProcessMemory lub WriteProcessMemory. (0x12B)
[0110/054226.048:ERROR:process_reader_win.cc(242)] ReadMemory at 0x7ffefbeb0a1a of 512 bytes failed: Ukoñczono tylko czêœæ ¿¹dania ReadProcessMemory lub WriteProcessMemory. (0x12B)
[0110/054226.049:ERROR:process_reader_win.cc(242)] ReadMemory at 0x7ffefbeb21ca of 512 bytes failed: Ukoñczono tylko czêœæ ¿¹dania ReadProcessMemory lub WriteProcessMemory. (0x12B)
[0110/054226.049:ERROR:process_reader_win.cc(242)] ReadMemory at 0x7ffefbf4e8a8 of 40 bytes failed: Ukoñczono tylko czêœæ ¿¹dania ReadProcessMemory lub WriteProcessMemory. (0x12B)
[0110/054226.049:ERROR:process_reader_win.cc(242)] ReadMemory at 0x7ffefbf4ebe0 of 48 bytes failed: Ukoñczono tylko czêœæ ¿¹dania ReadProcessMemory lub WriteProcessMemory. (0x12B)
[0110/054226.049:ERROR:process_reader_win.cc(242)] ReadMemory at 0x7ffefbf51320 of 64 bytes failed: Ukoñczono tylko czêœæ ¿¹dania ReadProcessMemory lub WriteProcessMemory. (0x12B)
[0110/054226.080:ERROR:scoped_process_suspend.cc(40)] NtResumeProcess: Podjêto próbê uzyskania dostêpu do procesu koñcz¹cego dzia³anie. (0xc000010a)
